C51 COMPILER V9.01   POWER                                                                 05/07/2018 20:54:22 PAGE 1   


C51 COMPILER V9.01, COMPILATION OF MODULE POWER
OBJECT MODULE PLACED IN .\power.obj
COMPILER INVOKED BY: E:\BaiduNetdiskDownload\keil\C51\BIN\C51.EXE C:\Users\94963\Desktop\ProgrammableLED-master\software
                    -\src\power.c BROWSE DEBUG OBJECTEXTEND PRINT(.\power.lst) OBJECT(.\power.obj)

line level    source

   1          #include "stm32f10x.h"
*** WARNING C318 IN LINE 1 OF C:\Users\94963\Desktop\ProgrammableLED-master\software\src\power.c: can't open file 'stm32
             -f10x.h'
   2          #include "utils.h"
*** ERROR C129 IN LINE 18 OF C:\USERS\94963\DESKTOP\PROGRAMMABLELED-MASTER\SOFTWARE\SRC\UTILS.H: missing ';' before 'g_j
             -iffies'
   3          #include "led.h"
   4          #include "xl345.h"
   5          #include "power.h"
   6          
   7          /* set all unused pin */
   8          void PWR_SetUnusedPin(void)
   9          {
  10              GPIO_InitTypeDef GPIO_InitStructure;
  11              
  12              RCC_APB2PeriphClockCmd(RCC_APB2Periph_GPIOA | RCC_APB2Periph_GPIOB, ENABLE);  
  13          
  14                  GPIO_InitStructure.GPIO_Speed = GPIO_Speed_2MHz;
  15                  GPIO_InitStructure.GPIO_Mode = GPIO_Mode_IPD;
  16          
  17              /* GPIOA */
  18              GPIO_InitStructure.GPIO_Pin = GPIO_Pin_1 | GPIO_Pin_2 | GPIO_Pin_4 | 
  19                                            GPIO_Pin_8 | GPIO_Pin_9 | GPIO_Pin_10 |
  20                                                                            GPIO_Pin_11 | GPIO_Pin_12;
  21                  GPIO_Init(GPIOA, &GPIO_InitStructure);
  22          
  23              /* GPIOB */
  24              GPIO_InitStructure.GPIO_Pin = GPIO_Pin_1 | GPIO_Pin_5 | GPIO_Pin_9 | 
  25                                            GPIO_Pin_10 | GPIO_Pin_11;
  26                  GPIO_Init(GPIOB, &GPIO_InitStructure);
  27          
  28              
  29              return;
  30          }
  31          
  32          void PWR_LowPower(void)
  33          {   
  34                  LED_SetColor(0x00);
  35                  
  36              LED_PowerOff();
  37          
  38              /* enter stop mode */
  39              PWR_EnterSTOPMode(PWR_Regulator_LowPower, PWR_STOPEntry_WFI);
  40              
  41              return;
  42          }
  43          
  44          void PWR_Restore(void)
  45          {        
  46              LED_PowerOn();
  47              
  48              return;
  49          }
  50          
C51 COMPILER V9.01   POWER                                                                 05/07/2018 20:54:22 PAGE 2   


C51 COMPILATION COMPLETE.  1 WARNING(S),  1 ERROR(S)
